<?xml version="1.0" encoding="UTF-8"?>
<testng-results ignored="0" total="1" passed="1" failed="0" skipped="0">
  <reporter-output>
  </reporter-output>
  <suite started-at="2023-10-16T00:31:34 IST" name="Default suite" finished-at="2023-10-16T00:33:12 IST" duration-ms="97730">
    <groups>
      <group name="cucumber">
        <method signature="AbstractTestNGCucumberTests.runScenario(io.cucumber.testng.PickleWrapper,io.cucumber.testng.FeatureWrapper)[pri:0, instance:com.leaftaps.testcases.TC002_VerifyAccountCreation@311bf055]" name="runScenario" class="io.cucumber.testng.AbstractTestNGCucumberTests"/>
      </group> <!-- cucumber -->
    </groups>
    <test started-at="2023-10-16T00:31:34 IST" name="Default test" finished-at="2023-10-16T00:33:12 IST" duration-ms="97730">
      <class name="com.leaftaps.testcases.TC002_VerifyAccountCreation">
        <test-method is-config="true" signature="startReport()[pri:0, instance:com.leaftaps.testcases.TC002_VerifyAccountCreation@311bf055]" started-at="2023-10-16T00:31:33 IST" name="startReport" finished-at="2023-10-16T00:31:34 IST" duration-ms="1170" status="PASS">
          <reporter-output>
          </reporter-output>
        </test-method> <!-- startReport -->
        <test-method is-config="true" signature="setValues()[pri:0, instance:com.leaftaps.testcases.TC002_VerifyAccountCreation@311bf055]" started-at="2023-10-16T00:31:34 IST" name="setValues" finished-at="2023-10-16T00:31:34 IST" duration-ms="2" status="PASS">
          <reporter-output>
          </reporter-output>
        </test-method> <!-- setValues -->
        <test-method is-config="true" signature="setUpClass(org.testng.ITestContext)[pri:0, instance:com.leaftaps.testcases.TC002_VerifyAccountCreation@311bf055]" started-at="2023-10-16T00:31:34 IST" name="setUpClass" finished-at="2023-10-16T00:31:34 IST" duration-ms="301" status="PASS">
          <params>
            <param index="0">
              <value>
                <![CDATA[org.testng.TestRunner@41b66d1]]>
              </value>
            </param>
          </params>
          <reporter-output>
          </reporter-output>
        </test-method> <!-- setUpClass -->
        <test-method is-config="true" signature="startTestCase()[pri:0, instance:com.leaftaps.testcases.TC002_VerifyAccountCreation@311bf055]" started-at="2023-10-16T00:31:34 IST" name="startTestCase" finished-at="2023-10-16T00:31:34 IST" duration-ms="15" status="PASS">
          <reporter-output>
          </reporter-output>
        </test-method> <!-- startTestCase -->
        <test-method is-config="true" signature="preCondition()[pri:0, instance:com.leaftaps.testcases.TC002_VerifyAccountCreation@311bf055]" started-at="2023-10-16T00:31:37 IST" name="preCondition" finished-at="2023-10-16T00:32:26 IST" duration-ms="49583" status="PASS">
          <reporter-output>
          </reporter-output>
        </test-method> <!-- preCondition -->
        <test-method signature="runLogin(java.lang.String,java.lang.String)[pri:0, instance:com.leaftaps.testcases.TC002_VerifyAccountCreation@311bf055]" started-at="2023-10-16T00:32:26 IST" name="runLogin" data-provider="fetchData" finished-at="2023-10-16T00:33:10 IST" duration-ms="43932" status="PASS">
          <params>
            <param index="0">
              <value>
                <![CDATA[hari.radhakrishnan@qeagle.com]]>
              </value>
            </param>
            <param index="1">
              <value>
                <![CDATA[ Leaf$1234]]>
              </value>
            </param>
          </params>
          <reporter-output>
          </reporter-output>
        </test-method> <!-- runLogin -->
        <test-method is-config="true" signature="postCondition()[pri:0, instance:com.leaftaps.testcases.TC002_VerifyAccountCreation@311bf055]" started-at="2023-10-16T00:33:10 IST" name="postCondition" finished-at="2023-10-16T00:33:11 IST" duration-ms="1247" status="PASS">
          <reporter-output>
          </reporter-output>
        </test-method> <!-- postCondition -->
        <test-method is-config="true" signature="tearDownClass()[pri:0, instance:com.leaftaps.testcases.TC002_VerifyAccountCreation@311bf055]" started-at="2023-10-16T00:33:11 IST" name="tearDownClass" finished-at="2023-10-16T00:33:12 IST" duration-ms="142" status="PASS">
          <reporter-output>
          </reporter-output>
        </test-method> <!-- tearDownClass -->
        <test-method is-config="true" signature="endResult()[pri:0, instance:com.leaftaps.testcases.TC002_VerifyAccountCreation@311bf055]" started-at="2023-10-16T00:33:13 IST" name="endResult" finished-at="2023-10-16T00:33:14 IST" duration-ms="1338" status="PASS">
          <reporter-output>
          </reporter-output>
        </test-method> <!-- endResult -->
      </class> <!-- com.leaftaps.testcases.TC002_VerifyAccountCreation -->
    </test> <!-- Default test -->
  </suite> <!-- Default suite -->
</testng-results>
